mode: atomic
github.com/kaduartur/planet/swapi/swapi_manager.go:21.57,23.2 1 6
github.com/kaduartur/planet/swapi/swapi_manager.go:25.64,28.16 3 3
github.com/kaduartur/planet/swapi/swapi_manager.go:32.2,37.16 5 3
github.com/kaduartur/planet/swapi/swapi_manager.go:41.2,41.43 1 3
github.com/kaduartur/planet/swapi/swapi_manager.go:45.2,45.37 1 2
github.com/kaduartur/planet/swapi/swapi_manager.go:49.2,51.64 3 1
github.com/kaduartur/planet/swapi/swapi_manager.go:55.2,55.28 1 1
github.com/kaduartur/planet/swapi/swapi_manager.go:59.2,59.29 1 1
github.com/kaduartur/planet/swapi/swapi_manager.go:28.16,30.3 1 0
github.com/kaduartur/planet/swapi/swapi_manager.go:37.16,39.3 1 0
github.com/kaduartur/planet/swapi/swapi_manager.go:41.43,43.3 1 1
github.com/kaduartur/planet/swapi/swapi_manager.go:45.37,47.3 1 1
github.com/kaduartur/planet/swapi/swapi_manager.go:51.64,53.3 1 0
github.com/kaduartur/planet/swapi/swapi_manager.go:55.28,57.3 1 0
github.com/kaduartur/planet/swapi/swapi_manager.go:62.56,66.16 3 3
github.com/kaduartur/planet/swapi/swapi_manager.go:70.2,71.16 2 3
github.com/kaduartur/planet/swapi/swapi_manager.go:75.2,75.43 1 3
github.com/kaduartur/planet/swapi/swapi_manager.go:79.2,79.37 1 2
github.com/kaduartur/planet/swapi/swapi_manager.go:83.2,85.64 3 1
github.com/kaduartur/planet/swapi/swapi_manager.go:89.2,89.18 1 1
github.com/kaduartur/planet/swapi/swapi_manager.go:66.16,68.3 1 0
github.com/kaduartur/planet/swapi/swapi_manager.go:71.16,73.3 1 0
github.com/kaduartur/planet/swapi/swapi_manager.go:75.43,77.3 1 1
github.com/kaduartur/planet/swapi/swapi_manager.go:79.37,81.3 1 1
github.com/kaduartur/planet/swapi/swapi_manager.go:85.64,87.3 1 0
github.com/kaduartur/planet/event/created_planet.go:27.17,34.2 1 6
github.com/kaduartur/planet/event/created_planet.go:36.56,41.16 4 6
github.com/kaduartur/planet/event/created_planet.go:45.2,45.44 1 5
github.com/kaduartur/planet/event/created_planet.go:50.2,51.16 2 4
github.com/kaduartur/planet/event/created_planet.go:57.2,58.38 2 2
github.com/kaduartur/planet/event/created_planet.go:81.2,86.37 5 2
github.com/kaduartur/planet/event/created_planet.go:91.2,91.12 1 1
github.com/kaduartur/planet/event/created_planet.go:41.16,43.3 1 1
github.com/kaduartur/planet/event/created_planet.go:45.44,48.3 2 1
github.com/kaduartur/planet/event/created_planet.go:51.16,55.3 3 2
github.com/kaduartur/planet/event/created_planet.go:58.38,61.17 3 1
github.com/kaduartur/planet/event/created_planet.go:67.3,68.17 2 1
github.com/kaduartur/planet/event/created_planet.go:73.3,78.27 2 1
github.com/kaduartur/planet/event/created_planet.go:61.17,65.4 3 0
github.com/kaduartur/planet/event/created_planet.go:68.17,71.4 2 0
github.com/kaduartur/planet/event/created_planet.go:86.37,89.3 2 1
github.com/kaduartur/planet/event/created_planet.go:94.63,95.44 1 3
github.com/kaduartur/planet/event/created_planet.go:100.2,100.12 1 2
github.com/kaduartur/planet/event/created_planet.go:95.44,98.3 2 1
github.com/kaduartur/planet/event/created_planet.go:103.88,104.43 1 3
github.com/kaduartur/planet/event/created_planet.go:112.2,114.16 3 2
github.com/kaduartur/planet/event/created_planet.go:119.2,119.85 1 2
github.com/kaduartur/planet/event/created_planet.go:104.43,110.3 4 1
github.com/kaduartur/planet/event/created_planet.go:114.16,117.3 2 0
github.com/kaduartur/planet/event/created_planet.go:119.85,122.3 2 0
github.com/kaduartur/planet/http/list_planet_handler.go:15.67,17.2 1 6
github.com/kaduartur/planet/http/list_planet_handler.go:19.51,21.46 2 6
github.com/kaduartur/planet/http/list_planet_handler.go:25.2,26.23 2 6
github.com/kaduartur/planet/http/list_planet_handler.go:31.2,32.16 2 5
github.com/kaduartur/planet/http/list_planet_handler.go:37.2,38.16 2 4
github.com/kaduartur/planet/http/list_planet_handler.go:43.2,53.27 2 3
github.com/kaduartur/planet/http/list_planet_handler.go:21.46,23.3 1 0
github.com/kaduartur/planet/http/list_planet_handler.go:26.23,29.3 2 1
github.com/kaduartur/planet/http/list_planet_handler.go:32.16,35.3 2 1
github.com/kaduartur/planet/http/list_planet_handler.go:38.16,41.3 2 1
github.com/kaduartur/planet/http/read_planet_by_id_handler.go:16.75,18.2 1 3
github.com/kaduartur/planet/http/read_planet_by_id_handler.go:20.55,24.16 4 3
github.com/kaduartur/planet/http/read_planet_by_id_handler.go:29.2,29.23 1 2
github.com/kaduartur/planet/http/read_planet_by_id_handler.go:34.2,34.27 1 1
github.com/kaduartur/planet/http/read_planet_by_id_handler.go:24.16,27.3 2 1
github.com/kaduartur/planet/http/read_planet_by_id_handler.go:29.23,32.3 2 1
github.com/kaduartur/planet/http/create_planet_handler.go:17.120,19.2 1 7
github.com/kaduartur/planet/http/create_planet_handler.go:21.54,23.50 2 7
github.com/kaduartur/planet/http/create_planet_handler.go:28.2,29.21 2 7
github.com/kaduartur/planet/http/create_planet_handler.go:34.2,35.16 2 6
github.com/kaduartur/planet/http/create_planet_handler.go:40.2,40.23 1 5
github.com/kaduartur/planet/http/create_planet_handler.go:45.2,46.16 2 4
github.com/kaduartur/planet/http/create_planet_handler.go:51.2,56.16 3 2
github.com/kaduartur/planet/http/create_planet_handler.go:61.2,61.86 1 2
github.com/kaduartur/planet/http/create_planet_handler.go:66.2,66.19 1 1
github.com/kaduartur/planet/http/create_planet_handler.go:23.50,26.3 2 0
github.com/kaduartur/planet/http/create_planet_handler.go:29.21,32.3 2 1
github.com/kaduartur/planet/http/create_planet_handler.go:35.16,38.3 2 1
github.com/kaduartur/planet/http/create_planet_handler.go:40.23,43.3 2 1
github.com/kaduartur/planet/http/create_planet_handler.go:46.16,49.3 2 2
github.com/kaduartur/planet/http/create_planet_handler.go:56.16,59.3 2 0
github.com/kaduartur/planet/http/create_planet_handler.go:61.86,64.3 2 1
github.com/kaduartur/planet/http/create_planet_handler.go:69.81,76.2 2 2
github.com/kaduartur/planet/http/delete_planet_handler.go:16.72,18.2 1 2
github.com/kaduartur/planet/http/delete_planet_handler.go:20.53,23.61 3 2
github.com/kaduartur/planet/http/delete_planet_handler.go:28.2,28.32 1 1
github.com/kaduartur/planet/http/delete_planet_handler.go:23.61,26.3 2 1
github.com/kaduartur/planet/database/mongodb/repository/planet_read_updater.go:10.74,12.2 1 1
github.com/kaduartur/planet/database/mongodb/repository/planet_reader.go:18.29,22.2 1 5
github.com/kaduartur/planet/database/mongodb/repository/planet_reader.go:24.81,27.71 3 3
github.com/kaduartur/planet/database/mongodb/repository/planet_reader.go:32.2,32.16 1 3
github.com/kaduartur/planet/database/mongodb/repository/planet_reader.go:27.71,30.3 2 0
github.com/kaduartur/planet/database/mongodb/repository/planet_reader.go:35.90,41.18 5 3
github.com/kaduartur/planet/database/mongodb/repository/planet_reader.go:45.2,50.72 2 3
github.com/kaduartur/planet/database/mongodb/repository/planet_reader.go:55.2,55.20 1 3
github.com/kaduartur/planet/database/mongodb/repository/planet_reader.go:41.18,43.3 1 2
github.com/kaduartur/planet/database/mongodb/repository/planet_reader.go:50.72,53.3 2 0
github.com/kaduartur/planet/database/mongodb/repository/planet_reader.go:58.42,60.16 2 1
github.com/kaduartur/planet/database/mongodb/repository/planet_reader.go:65.2,65.24 1 1
github.com/kaduartur/planet/database/mongodb/repository/planet_reader.go:60.16,63.3 2 0
github.com/kaduartur/planet/database/mongodb/repository/planet_updater.go:15.32,19.2 1 1
github.com/kaduartur/planet/database/mongodb/repository/planet_updater.go:21.68,22.55 1 1
github.com/kaduartur/planet/database/mongodb/repository/planet_updater.go:27.2,27.12 1 1
github.com/kaduartur/planet/database/mongodb/repository/planet_updater.go:22.55,25.3 2 0
github.com/kaduartur/planet/database/mongodb/repository/planet_writer.go:16.30,20.2 1 6
github.com/kaduartur/planet/database/mongodb/repository/planet_writer.go:22.91,33.54 3 6
github.com/kaduartur/planet/database/mongodb/repository/planet_writer.go:38.2,38.23 1 6
github.com/kaduartur/planet/database/mongodb/repository/planet_writer.go:33.54,36.3 2 0
github.com/kaduartur/planet/database/mongodb/repository/planet_deleter.go:15.47,20.2 1 1
github.com/kaduartur/planet/database/mongodb/repository/planet_deleter.go:22.50,23.14 1 2
github.com/kaduartur/planet/database/mongodb/repository/planet_deleter.go:27.2,28.16 2 1
github.com/kaduartur/planet/database/mongodb/repository/planet_deleter.go:32.2,32.49 1 1
github.com/kaduartur/planet/database/mongodb/repository/planet_deleter.go:36.2,36.12 1 1
github.com/kaduartur/planet/database/mongodb/repository/planet_deleter.go:23.14,25.3 1 1
github.com/kaduartur/planet/database/mongodb/repository/planet_deleter.go:28.16,30.3 1 0
github.com/kaduartur/planet/database/mongodb/repository/planet_deleter.go:32.49,34.3 1 0
